c:\users\topki\onedrive - vnu-hcmus\code\c++\visual studio 2022\ran_san_moi\ran_san_moi\x64\debug\vc143.pdb
c:\users\topki\onedrive - vnu-hcmus\code\c++\visual studio 2022\ran_san_moi\ran_san_moi\x64\debug\vc143.idb
c:\users\topki\onedrive - vnu-hcmus\code\c++\visual studio 2022\ran_san_moi\ran_san_moi\x64\debug\source.obj
c:\users\topki\onedrive - vnu-hcmus\code\c++\visual studio 2022\ran_san_moi\ran_san_moi\x64\debug\snake.obj
c:\users\topki\onedrive - vnu-hcmus\code\c++\visual studio 2022\ran_san_moi\ran_san_moi\x64\debug\notification.obj
c:\users\topki\onedrive - vnu-hcmus\code\c++\visual studio 2022\ran_san_moi\ran_san_moi\x64\debug\main.obj
c:\users\topki\onedrive - vnu-hcmus\code\c++\visual studio 2022\ran_san_moi\ran_san_moi\x64\debug\file.obj
c:\users\topki\onedrive - vnu-hcmus\code\c++\visual studio 2022\ran_san_moi\ran_san_moi\x64\debug\dummy.obj
c:\users\topki\onedrive - vnu-hcmus\code\c++\visual studio 2022\ran_san_moi\ran_san_moi\x64\debug\console.obj
c:\users\topki\onedrive - vnu-hcmus\code\c++\visual studio 2022\ran_san_moi\x64\debug\ran_san_moi.exe
c:\users\topki\onedrive - vnu-hcmus\code\c++\visual studio 2022\ran_san_moi\x64\debug\ran_san_moi.pdb
c:\users\topki\onedrive - vnu-hcmus\code\c++\visual studio 2022\ran_san_moi\ran_san_moi\x64\debug\ran_san_moi.ilk
c:\users\topki\onedrive - vnu-hcmus\code\c++\visual studio 2022\ran_san_moi\ran_san_moi\x64\debug\ran_san_moi.tlog\cl.command.1.tlog
c:\users\topki\onedrive - vnu-hcmus\code\c++\visual studio 2022\ran_san_moi\ran_san_moi\x64\debug\ran_san_moi.tlog\cl.items.tlog
c:\users\topki\onedrive - vnu-hcmus\code\c++\visual studio 2022\ran_san_moi\ran_san_moi\x64\debug\ran_san_moi.tlog\cl.read.1.tlog
c:\users\topki\onedrive - vnu-hcmus\code\c++\visual studio 2022\ran_san_moi\ran_san_moi\x64\debug\ran_san_moi.tlog\cl.write.1.tlog
c:\users\topki\onedrive - vnu-hcmus\code\c++\visual studio 2022\ran_san_moi\ran_san_moi\x64\debug\ran_san_moi.tlog\link.command.1.tlog
c:\users\topki\onedrive - vnu-hcmus\code\c++\visual studio 2022\ran_san_moi\ran_san_moi\x64\debug\ran_san_moi.tlog\link.read.1.tlog
c:\users\topki\onedrive - vnu-hcmus\code\c++\visual studio 2022\ran_san_moi\ran_san_moi\x64\debug\ran_san_moi.tlog\link.secondary.1.tlog
c:\users\topki\onedrive - vnu-hcmus\code\c++\visual studio 2022\ran_san_moi\ran_san_moi\x64\debug\ran_san_moi.tlog\link.write.1.tlog
